2019-12-10 09:37:42.174  INFO 13864 --- [main] c.a.s.SpringbootAutoconfigApplication    : Starting SpringbootAutoconfigApplication on LAPTOP-OJ7UBKRI with PID 13864 (D:\IdeaWorkplace\springboot-autoconfig\target\classes started by 52762 in D:\IdeaWorkplace\springboot-autoconfig)
2019-12-10 09:37:42.225 DEBUG 13864 --- [main] c.a.s.SpringbootAutoconfigApplication    : Running with Spring Boot v2.2.2.RELEASE, Spring v5.2.2.RELEASE
2019-12-10 09:37:42.225  INFO 13864 --- [main] c.a.s.SpringbootAutoconfigApplication    : No active profile set, falling back to default profiles: default
2019-12-10 09:37:45.422  INFO 13864 --- [main] o.s.b.w.embedded.tomcat.TomcatWebServer  : Tomcat initialized with port(s): 8080 (http)
2019-12-10 09:37:45.448  INFO 13864 --- [main] o.apache.catalina.core.StandardService   : Starting service [Tomcat]
2019-12-10 09:37:45.449  INFO 13864 --- [main] org.apache.catalina.core.StandardEngine  : Starting Servlet engine: [Apache Tomcat/9.0.29]
2019-12-10 09:37:45.712  INFO 13864 --- [main] o.a.c.c.C.[Tomcat].[localhost].[/]       : Initializing Spring embedded WebApplicationContext
2019-12-10 09:37:45.713  INFO 13864 --- [main] o.s.web.context.ContextLoader            : Root WebApplicationContext: initialization completed in 3168 ms
2019-12-10 09:37:46.236  INFO 13864 --- [main] o.s.s.concurrent.ThreadPoolTaskExecutor  : Initializing ExecutorService 'applicationTaskExecutor'
2019-12-10 09:37:46.660  INFO 13864 --- [main] o.s.b.w.embedded.tomcat.TomcatWebServer  : Tomcat started on port(s): 8080 (http) with context path ''
2019-12-10 09:37:46.662  INFO 13864 --- [main] c.a.s.SpringbootAutoconfigApplication    : Started SpringbootAutoconfigApplication in 6.593 seconds (JVM running for 10.997)
2019-12-10 09:38:17.729  INFO 13864 --- [http-nio-8080-exec-2] o.a.c.c.C.[Tomcat].[localhost].[/]       : Initializing Spring DispatcherServlet 'dispatcherServlet'
2019-12-10 09:38:17.730  INFO 13864 --- [http-nio-8080-exec-2] o.s.web.servlet.DispatcherServlet        : Initializing Servlet 'dispatcherServlet'
2019-12-10 09:38:17.736  INFO 13864 --- [http-nio-8080-exec-2] o.s.web.servlet.DispatcherServlet        : Completed initialization in 6 ms
2019-12-10 09:40:13.588  INFO 7784 --- [main] c.a.s.SpringbootAutoconfigApplication    : Starting SpringbootAutoconfigApplication on LAPTOP-OJ7UBKRI with PID 7784 (D:\IdeaWorkplace\springboot-autoconfig\target\classes started by 52762 in D:\IdeaWorkplace\springboot-autoconfig)
2019-12-10 09:40:13.591 DEBUG 7784 --- [main] c.a.s.SpringbootAutoconfigApplication    : Running with Spring Boot v2.2.2.RELEASE, Spring v5.2.2.RELEASE
2019-12-10 09:40:13.592  INFO 7784 --- [main] c.a.s.SpringbootAutoconfigApplication    : No active profile set, falling back to default profiles: default
2019-12-10 09:49:19.640  INFO 10760 --- [main] c.a.s.SpringbootAutoconfigApplication    : Starting SpringbootAutoconfigApplication on LAPTOP-OJ7UBKRI with PID 10760 (D:\IdeaWorkplace\springboot-autoconfig\target\classes started by 52762 in D:\IdeaWorkplace\springboot-autoconfig)
2019-12-10 09:49:19.644 DEBUG 10760 --- [main] c.a.s.SpringbootAutoconfigApplication    : Running with Spring Boot v2.2.2.RELEASE, Spring v5.2.2.RELEASE
2019-12-10 09:49:19.644  INFO 10760 --- [main] c.a.s.SpringbootAutoconfigApplication    : No active profile set, falling back to default profiles: default
2019-12-10 09:50:22.666  INFO 2756 --- [main] c.a.s.SpringbootAutoconfigApplication    : Starting SpringbootAutoconfigApplication on LAPTOP-OJ7UBKRI with PID 2756 (D:\IdeaWorkplace\springboot-autoconfig\target\classes started by 52762 in D:\IdeaWorkplace\springboot-autoconfig)
2019-12-10 09:50:22.670 DEBUG 2756 --- [main] c.a.s.SpringbootAutoconfigApplication    : Running with Spring Boot v2.2.2.RELEASE, Spring v5.2.2.RELEASE
2019-12-10 09:50:22.671  INFO 2756 --- [main] c.a.s.SpringbootAutoconfigApplication    : No active profile set, falling back to default profiles: default
2019-12-10 09:57:35.915  INFO 9060 --- [main] c.a.s.SpringbootAutoconfigApplication    : Starting SpringbootAutoconfigApplication on LAPTOP-OJ7UBKRI with PID 9060 (D:\IdeaWorkplace\springboot-autoconfig\target\classes started by 52762 in D:\IdeaWorkplace\springboot-autoconfig)
2019-12-10 09:57:35.918 DEBUG 9060 --- [main] c.a.s.SpringbootAutoconfigApplication    : Running with Spring Boot v2.2.2.RELEASE, Spring v5.2.2.RELEASE
2019-12-10 09:57:35.919  INFO 9060 --- [main] c.a.s.SpringbootAutoconfigApplication    : No active profile set, falling back to default profiles: default
2019-12-10 09:57:40.348  INFO 9060 --- [main] o.s.b.w.embedded.tomcat.TomcatWebServer  : Tomcat initialized with port(s): 8080 (http)
2019-12-10 09:57:40.374  INFO 9060 --- [main] o.apache.catalina.core.StandardService   : Starting service [Tomcat]
2019-12-10 09:57:40.374  INFO 9060 --- [main] org.apache.catalina.core.StandardEngine  : Starting Servlet engine: [Apache Tomcat/9.0.29]
2019-12-10 09:57:40.516  INFO 9060 --- [main] o.a.c.c.C.[Tomcat].[localhost].[/]       : Initializing Spring embedded WebApplicationContext
2019-12-10 09:57:40.516  INFO 9060 --- [main] o.s.web.context.ContextLoader            : Root WebApplicationContext: initialization completed in 4534 ms
2019-12-10 09:57:41.061  INFO 9060 --- [main] o.s.s.concurrent.ThreadPoolTaskExecutor  : Initializing ExecutorService 'applicationTaskExecutor'
2019-12-10 09:57:41.482  INFO 9060 --- [main] o.s.b.w.embedded.tomcat.TomcatWebServer  : Tomcat started on port(s): 8080 (http) with context path ''
2019-12-10 09:57:41.492  INFO 9060 --- [main] c.a.s.SpringbootAutoconfigApplication    : Started SpringbootAutoconfigApplication in 6.467 seconds (JVM running for 9.822)
2019-12-10 09:57:59.834  INFO 4040 --- [main] c.a.s.SpringbootAutoconfigApplication    : Starting SpringbootAutoconfigApplication on LAPTOP-OJ7UBKRI with PID 4040 (D:\IdeaWorkplace\springboot-autoconfig\target\classes started by 52762 in D:\IdeaWorkplace\springboot-autoconfig)
2019-12-10 09:57:59.838 DEBUG 4040 --- [main] c.a.s.SpringbootAutoconfigApplication    : Running with Spring Boot v2.2.2.RELEASE, Spring v5.2.2.RELEASE
2019-12-10 09:57:59.839  INFO 4040 --- [main] c.a.s.SpringbootAutoconfigApplication    : No active profile set, falling back to default profiles: default
2019-12-10 09:58:02.766  INFO 4040 --- [main] o.s.b.w.embedded.tomcat.TomcatWebServer  : Tomcat initialized with port(s): 8080 (http)
2019-12-10 09:58:02.787  INFO 4040 --- [main] o.apache.catalina.core.StandardService   : Starting service [Tomcat]
2019-12-10 09:58:02.788  INFO 4040 --- [main] org.apache.catalina.core.StandardEngine  : Starting Servlet engine: [Apache Tomcat/9.0.29]
2019-12-10 09:58:02.930  INFO 4040 --- [main] o.a.c.c.C.[Tomcat].[localhost].[/]       : Initializing Spring embedded WebApplicationContext
2019-12-10 09:58:02.930  INFO 4040 --- [main] o.s.web.context.ContextLoader            : Root WebApplicationContext: initialization completed in 2968 ms
2019-12-10 09:58:03.286  INFO 4040 --- [main] o.s.s.concurrent.ThreadPoolTaskExecutor  : Initializing ExecutorService 'applicationTaskExecutor'
2019-12-10 09:58:03.694  INFO 4040 --- [main] o.s.b.w.embedded.tomcat.TomcatWebServer  : Tomcat started on port(s): 8080 (http) with context path ''
2019-12-10 09:58:03.704  INFO 4040 --- [main] c.a.s.SpringbootAutoconfigApplication    : Started SpringbootAutoconfigApplication in 4.726 seconds (JVM running for 6.838)
2019-12-10 09:58:42.389  INFO 10348 --- [main] c.a.s.SpringbootAutoconfigApplication    : Starting SpringbootAutoconfigApplication on LAPTOP-OJ7UBKRI with PID 10348 (D:\IdeaWorkplace\springboot-autoconfig\target\classes started by 52762 in D:\IdeaWorkplace\springboot-autoconfig)
2019-12-10 09:58:42.413 DEBUG 10348 --- [main] c.a.s.SpringbootAutoconfigApplication    : Running with Spring Boot v2.2.2.RELEASE, Spring v5.2.2.RELEASE
2019-12-10 09:58:42.413  INFO 10348 --- [main] c.a.s.SpringbootAutoconfigApplication    : No active profile set, falling back to default profiles: default
2019-12-10 09:58:45.323  INFO 10348 --- [main] o.s.b.w.embedded.tomcat.TomcatWebServer  : Tomcat initialized with port(s): 8080 (http)
2019-12-10 09:58:45.345  INFO 10348 --- [main] o.apache.catalina.core.StandardService   : Starting service [Tomcat]
2019-12-10 09:58:45.346  INFO 10348 --- [main] org.apache.catalina.core.StandardEngine  : Starting Servlet engine: [Apache Tomcat/9.0.29]
2019-12-10 09:58:45.487  INFO 10348 --- [main] o.a.c.c.C.[Tomcat].[localhost].[/]       : Initializing Spring embedded WebApplicationContext
2019-12-10 09:58:45.487  INFO 10348 --- [main] o.s.web.context.ContextLoader            : Root WebApplicationContext: initialization completed in 2977 ms
2019-12-10 09:58:45.820  INFO 10348 --- [main] o.s.s.concurrent.ThreadPoolTaskExecutor  : Initializing ExecutorService 'applicationTaskExecutor'
2019-12-10 09:58:46.244  INFO 10348 --- [main] o.s.b.w.embedded.tomcat.TomcatWebServer  : Tomcat started on port(s): 8080 (http) with context path ''
2019-12-10 09:58:46.257  INFO 10348 --- [main] c.a.s.SpringbootAutoconfigApplication    : Started SpringbootAutoconfigApplication in 4.482 seconds (JVM running for 6.674)
2019-12-10 09:59:43.699  INFO 14460 --- [main] c.a.s.SpringbootAutoconfigApplication    : Starting SpringbootAutoconfigApplication on LAPTOP-OJ7UBKRI with PID 14460 (D:\IdeaWorkplace\springboot-autoconfig\target\classes started by 52762 in D:\IdeaWorkplace\springboot-autoconfig)
2019-12-10 09:59:43.705 DEBUG 14460 --- [main] c.a.s.SpringbootAutoconfigApplication    : Running with Spring Boot v2.2.2.RELEASE, Spring v5.2.2.RELEASE
2019-12-10 09:59:43.705  INFO 14460 --- [main] c.a.s.SpringbootAutoconfigApplication    : No active profile set, falling back to default profiles: default
2019-12-10 09:59:46.464  INFO 14460 --- [main] o.s.b.w.embedded.tomcat.TomcatWebServer  : Tomcat initialized with port(s): 8080 (http)
2019-12-10 09:59:46.486  INFO 14460 --- [main] o.apache.catalina.core.StandardService   : Starting service [Tomcat]
2019-12-10 09:59:46.486  INFO 14460 --- [main] org.apache.catalina.core.StandardEngine  : Starting Servlet engine: [Apache Tomcat/9.0.29]
2019-12-10 09:59:46.816  INFO 14460 --- [main] o.a.c.c.C.[Tomcat].[localhost].[/]       : Initializing Spring embedded WebApplicationContext
2019-12-10 09:59:46.816  INFO 14460 --- [main] o.s.web.context.ContextLoader            : Root WebApplicationContext: initialization completed in 3032 ms
2019-12-10 09:59:47.156  INFO 14460 --- [main] o.s.s.concurrent.ThreadPoolTaskExecutor  : Initializing ExecutorService 'applicationTaskExecutor'
2019-12-10 09:59:47.638  INFO 14460 --- [main] o.s.b.w.embedded.tomcat.TomcatWebServer  : Tomcat started on port(s): 8080 (http) with context path ''
2019-12-10 09:59:47.648  INFO 14460 --- [main] c.a.s.SpringbootAutoconfigApplication    : Started SpringbootAutoconfigApplication in 4.756 seconds (JVM running for 6.873)
2019-12-10 10:01:17.220  INFO 2644 --- [main] c.a.s.SpringbootAutoconfigApplication    : Starting SpringbootAutoconfigApplication on LAPTOP-OJ7UBKRI with PID 2644 (D:\IdeaWorkplace\springboot-autoconfig\target\classes started by 52762 in D:\IdeaWorkplace\springboot-autoconfig)
2019-12-10 10:01:17.228 DEBUG 2644 --- [main] c.a.s.SpringbootAutoconfigApplication    : Running with Spring Boot v2.2.2.RELEASE, Spring v5.2.2.RELEASE
2019-12-10 10:01:17.228  INFO 2644 --- [main] c.a.s.SpringbootAutoconfigApplication    : No active profile set, falling back to default profiles: default
2019-12-10 10:02:09.441  INFO 3204 --- [main] c.a.s.SpringbootAutoconfigApplication    : Starting SpringbootAutoconfigApplication on LAPTOP-OJ7UBKRI with PID 3204 (D:\IdeaWorkplace\springboot-autoconfig\target\classes started by 52762 in D:\IdeaWorkplace\springboot-autoconfig)
2019-12-10 10:02:09.446 DEBUG 3204 --- [main] c.a.s.SpringbootAutoconfigApplication    : Running with Spring Boot v2.2.2.RELEASE, Spring v5.2.2.RELEASE
2019-12-10 10:02:09.446  INFO 3204 --- [main] c.a.s.SpringbootAutoconfigApplication    : No active profile set, falling back to default profiles: default
2019-12-10 10:02:12.070  INFO 3204 --- [main] o.s.b.w.embedded.tomcat.TomcatWebServer  : Tomcat initialized with port(s): 8080 (http)
2019-12-10 10:02:12.090  INFO 3204 --- [main] o.apache.catalina.core.StandardService   : Starting service [Tomcat]
2019-12-10 10:02:12.090  INFO 3204 --- [main] org.apache.catalina.core.StandardEngine  : Starting Servlet engine: [Apache Tomcat/9.0.29]
2019-12-10 10:02:12.237  INFO 3204 --- [main] o.a.c.c.C.[Tomcat].[localhost].[/]       : Initializing Spring embedded WebApplicationContext
2019-12-10 10:02:12.237  INFO 3204 --- [main] o.s.web.context.ContextLoader            : Root WebApplicationContext: initialization completed in 2714 ms
2019-12-10 10:02:12.567  INFO 3204 --- [main] o.s.s.concurrent.ThreadPoolTaskExecutor  : Initializing ExecutorService 'applicationTaskExecutor'
2019-12-10 10:02:12.941  INFO 3204 --- [main] o.s.b.w.embedded.tomcat.TomcatWebServer  : Tomcat started on port(s): 8080 (http) with context path ''
2019-12-10 10:02:12.953  INFO 3204 --- [main] c.a.s.SpringbootAutoconfigApplication    : Started SpringbootAutoconfigApplication in 4.265 seconds (JVM running for 6.378)
2019-12-10 10:02:50.221  INFO 3256 --- [main] c.a.s.SpringbootAutoconfigApplication    : Starting SpringbootAutoconfigApplication on LAPTOP-OJ7UBKRI with PID 3256 (D:\IdeaWorkplace\springboot-autoconfig\target\classes started by 52762 in D:\IdeaWorkplace\springboot-autoconfig)
2019-12-10 10:02:50.230 DEBUG 3256 --- [main] c.a.s.SpringbootAutoconfigApplication    : Running with Spring Boot v2.2.2.RELEASE, Spring v5.2.2.RELEASE
2019-12-10 10:02:50.231  INFO 3256 --- [main] c.a.s.SpringbootAutoconfigApplication    : No active profile set, falling back to default profiles: default
2019-12-10 10:03:20.372  INFO 16268 --- [main] c.a.s.SpringbootAutoconfigApplication    : Starting SpringbootAutoconfigApplication on LAPTOP-OJ7UBKRI with PID 16268 (D:\IdeaWorkplace\springboot-autoconfig\target\classes started by 52762 in D:\IdeaWorkplace\springboot-autoconfig)
2019-12-10 10:03:20.375 DEBUG 16268 --- [main] c.a.s.SpringbootAutoconfigApplication    : Running with Spring Boot v2.2.2.RELEASE, Spring v5.2.2.RELEASE
2019-12-10 10:03:20.376  INFO 16268 --- [main] c.a.s.SpringbootAutoconfigApplication    : No active profile set, falling back to default profiles: default
2019-12-10 10:04:30.169  INFO 10320 --- [main] c.a.s.SpringbootAutoconfigApplication    : Starting SpringbootAutoconfigApplication on LAPTOP-OJ7UBKRI with PID 10320 (D:\IdeaWorkplace\springboot-autoconfig\target\classes started by 52762 in D:\IdeaWorkplace\springboot-autoconfig)
2019-12-10 10:04:30.174 DEBUG 10320 --- [main] c.a.s.SpringbootAutoconfigApplication    : Running with Spring Boot v2.2.2.RELEASE, Spring v5.2.2.RELEASE
2019-12-10 10:04:30.174  INFO 10320 --- [main] c.a.s.SpringbootAutoconfigApplication    : No active profile set, falling back to default profiles: default
2019-12-10 10:04:33.616  INFO 10320 --- [main] o.s.b.w.embedded.tomcat.TomcatWebServer  : Tomcat initialized with port(s): 8080 (http)
2019-12-10 10:04:33.648  INFO 10320 --- [main] o.apache.catalina.core.StandardService   : Starting service [Tomcat]
2019-12-10 10:04:33.648  INFO 10320 --- [main] org.apache.catalina.core.StandardEngine  : Starting Servlet engine: [Apache Tomcat/9.0.29]
2019-12-10 10:04:33.828  INFO 10320 --- [main] o.a.c.c.C.[Tomcat].[localhost].[/]       : Initializing Spring embedded WebApplicationContext
2019-12-10 10:04:33.829  INFO 10320 --- [main] o.s.web.context.ContextLoader            : Root WebApplicationContext: initialization completed in 3525 ms
2019-12-10 10:04:34.209  INFO 10320 --- [main] o.s.s.concurrent.ThreadPoolTaskExecutor  : Initializing ExecutorService 'applicationTaskExecutor'
2019-12-10 10:04:34.660  INFO 10320 --- [main] o.s.b.w.embedded.tomcat.TomcatWebServer  : Tomcat started on port(s): 8080 (http) with context path ''
2019-12-10 10:04:34.683  INFO 10320 --- [main] c.a.s.SpringbootAutoconfigApplication    : Started SpringbootAutoconfigApplication in 5.148 seconds (JVM running for 7.663)
2019-12-10 10:04:54.493  INFO 11104 --- [main] c.a.s.SpringbootAutoconfigApplication    : Starting SpringbootAutoconfigApplication on LAPTOP-OJ7UBKRI with PID 11104 (D:\IdeaWorkplace\springboot-autoconfig\target\classes started by 52762 in D:\IdeaWorkplace\springboot-autoconfig)
2019-12-10 10:04:54.497 DEBUG 11104 --- [main] c.a.s.SpringbootAutoconfigApplication    : Running with Spring Boot v2.2.2.RELEASE, Spring v5.2.2.RELEASE
2019-12-10 10:04:54.498  INFO 11104 --- [main] c.a.s.SpringbootAutoconfigApplication    : No active profile set, falling back to default profiles: default
